Rendering to 1024x1024 image
Loaded scene with 3 circles
Loaded scene with 3 circles
---------------------------------------------------------
Initializing CUDA for CudaRenderer
Found 1 CUDA devices
Device 0: NVIDIA GeForce GTX 1050 Ti
   SMs:        6
   Global mem: 4042 MB
   CUDA Cap:   6.1
---------------------------------------------------------

Running benchmark, 1 frames, beginning at frame 0 ...
Dumping frames to output_xxx.ppm
Copying image data from device
Wrote image file output_0000.ppm
Copying image data from device
***************** Correctness check passed **************************
Clear:    0.5155 ms
Advance:  0.0007 ms
Render:   0.4298 ms
Total:    0.9460 ms
File IO:  70.7271 ms

Overall:  0.0948 sec (note units are seconds)
