Rendering to 1024x1024 image
Loaded scene with 10000 circles
Loaded scene with 10000 circles
---------------------------------------------------------
Initializing CUDA for CudaRenderer
Found 1 CUDA devices
Device 0: NVIDIA GeForce GTX 1050 Ti
   SMs:        6
   Global mem: 4042 MB
   CUDA Cap:   6.1
---------------------------------------------------------

Running benchmark, 1 frames, beginning at frame 0 ...
Dumping frames to output_xxx.ppm
Copying image data from device
Wrote image file output_0000.ppm
Copying image data from device
***************** Correctness check passed **************************
Clear:    0.1989 ms
Advance:  0.0008 ms
Render:   85.0108 ms
Total:    85.2104 ms
File IO:  68.9327 ms

Overall:  6.9521 sec (note units are seconds)
