Rendering to 1024x1024 image
Loaded scene with 100000 circles
---------------------------------------------------------
Initializing CUDA for CudaRenderer
Found 1 CUDA devices
Device 0: NVIDIA GeForce GTX 1050 Ti
   SMs:        6
   Global mem: 4042 MB
   CUDA Cap:   6.1
---------------------------------------------------------
WARNING: You're not running on a fast GPU, please consider using NVIDIA GTX 480, 670 or 780.
---------------------------------------------------------

Running benchmark, 4 frames, beginning at frame 0 ...
Dumping frames to output_xxx.ppm
Copying image data from device
Wrote image file output_0000.ppm
Copying image data from device
Wrote image file output_0001.ppm
Copying image data from device
Wrote image file output_0002.ppm
Copying image data from device
Wrote image file output_0003.ppm
Clear:    0.2030 ms
Advance:  0.0012 ms
Render:   119.5734 ms
Total:    119.7776 ms
File IO:  77.9182 ms

Overall:  0.7908 sec (note units are seconds)
